#
# There is insufficient memory for the Java Runtime Environment to continue.
# Native memory allocation (mmap) failed to map 255852544 bytes for Failed to commit area from 0x000000070de00000 to 0x000000071d200000 of length 255852544.
# Possible reasons:
#   The system is out of physical RAM or swap space
#   The process is running with CompressedOops enabled, and the Java Heap may be blocking the growth of the native heap
# Possible solutions:
#   Reduce memory load on the system
#   Increase physical memory or swap space
#   Check if swap backing store is full
#   Decrease Java heap size (-Xmx/-Xms)
#   Decrease number of Java threads
#   Decrease Java thread stack sizes (-Xss)
#   Set larger code cache with -XX:ReservedCodeCacheSize=
# This output file may be truncated or incomplete.
#
#  Out of Memory Error (./src/hotspot/os/windows/os_windows.cpp:3301), pid=138572, tid=138592
#
# JRE version:  (11.0.10) (build )
# Java VM: OpenJDK 64-Bit Server VM (11.0.10+0-b96-7249189, mixed mode, sharing, tiered, compressed oops, g1 gc, windows-amd64)
# No core dump will be written. Minidumps are not enabled by default on client versions of Windows
#

---------------  S U M M A R Y ------------

Command Line: org.jetbrains.git4idea.http.GitAskPassApp Username for 'https://github.com': 

Host: AMD Ryzen 3 8300GE w/ Radeon 740M Graphics     , 8 cores, 15G,  Windows 10 , 64 bit Build 26100 (10.0.26100.3624)
Time: Tue Apr  1 13:55:20 2025 SE Asia Standard Time elapsed time: 1.091413 seconds (0d 0h 0m 1s)

---------------  T H R E A D  ---------------

Current thread (0x000001d9af2c4000):  JavaThread "Unknown thread" [_thread_in_vm, id=138592, stack(0x000000d301400000,0x000000d301500000)]

Stack: [0x000000d301400000,0x000000d301500000]
Native frames: (J=compiled Java code, j=interpreted, Vv=VM code, C=native code)
V  [jvm.dll+0x5ecfaa]
V  [jvm.dll+0x722bd5]
V  [jvm.dll+0x72412d]
V  [jvm.dll+0x7247e3]
V  [jvm.dll+0x242928]
V  [jvm.dll+0x5ea374]
V  [jvm.dll+0x5df425]
V  [jvm.dll+0x2fdebb]
V  [jvm.dll+0x2fde2a]
V  [jvm.dll+0x2fdd02]
V  [jvm.dll+0x302bf6]
V  [jvm.dll+0x34b2a3]
V  [jvm.dll+0x34b9a6]
V  [jvm.dll+0x34b3a3]
V  [jvm.dll+0x2d8888]
V  [jvm.dll+0x2d9a37]
V  [jvm.dll+0x701737]
V  [jvm.dll+0x702f2c]
V  [jvm.dll+0x3587d9]
V  [jvm.dll+0x6e4fae]
V  [jvm.dll+0x3c0be3]
V  [jvm.dll+0x3c2e91]
C  [jli.dll+0x5373]
C  [ucrtbase.dll+0x37b0]
C  [KERNEL32.DLL+0x2e8d7]
C  [ntdll.dll+0xb14fc]


---------------  P R O C E S S  ---------------

Threads class SMR info:
_java_thread_list=0x000001d9ad7b9cc0, length=0, elements={
}

Java Threads: ( => current thread )

Other Threads:
  0x000001d9af2da800 GCTaskThread "GC Thread#0" [stack: 0x000000d301500000,0x000000d301600000] [id=138596]
  0x000001d9af32f800 ConcurrentGCThread "G1 Main Marker" [stack: 0x000000d301600000,0x000000d301700000] [id=138600]
  0x000001d9af331800 ConcurrentGCThread "G1 Conc#0" [stack: 0x000000d301700000,0x000000d301800000] [id=138604]

[error occurred during error reporting (printing all threads), id 0xc0000005, EXCEPTION_ACCESS_VIOLATION (0xc0000005) at pc=0x00007ffda8d29107]

VM state:not at safepoint (not fully initialized)

VM Mutex/Monitor currently owned by a thread:  ([mutex/lock_event])
[0x000001d9af2c2830] Heap_lock - owner thread: 0x000001d9af2c4000

Heap address: 0x000000070de00000, size: 3874 MB, Compressed Oops mode: Non-zero based: 0x000000070de00000
Narrow klass base: 0x0000000000000000, Narrow klass shift: 0

GC Heap History (0 events):
No events

Deoptimization events (0 events):
No events

Classes redefined (0 events):
No events

Internal exceptions (0 events):
No events

Events (1 events):
Event: 0.012 Loaded shared library C:\Program Files\Android\Android Studio\jre\bin\zip.dll


Dynamic libraries:
0x00007ff702d10000 - 0x00007ff702d1a000 	C:\Program Files\Android\Android Studio\jre\bin\java.exe
0x00007ffe01b80000 - 0x00007ffe01de0000 	C:\windows\SYSTEM32\ntdll.dll
0x00007ffe00e70000 - 0x00007ffe00f37000 	C:\windows\System32\KERNEL32.DLL
0x00007ffdff470000 - 0x00007ffdff83b000 	C:\windows\System32\KERNELBASE.dll
0x00007ffdff050000 - 0x00007ffdff19b000 	C:\windows\System32\ucrtbase.dll
0x00007ffde2de0000 - 0x00007ffde2df9000 	C:\Program Files\Android\Android Studio\jre\bin\jli.dll
0x00007ffde2cd0000 - 0x00007ffde2ce7000 	C:\Program Files\Android\Android Studio\jre\bin\VCRUNTIME140.dll
0x00007ffdffae0000 - 0x00007ffdffcac000 	C:\windows\System32\USER32.dll
0x00007ffdfee20000 - 0x00007ffdfee47000 	C:\windows\System32\win32u.dll
0x00007ffde8840000 - 0x00007ffde8ad7000 	C:\windows\WinSxS\amd64_microsoft.windows.common-controls_6595b64144ccf1df_6.0.26100.3624_none_3e086962e3345f24\COMCTL32.dll
0x00007ffdffcb0000 - 0x00007ffdffcda000 	C:\windows\System32\GDI32.dll
0x00007ffe00290000 - 0x00007ffe00339000 	C:\windows\System32\msvcrt.dll
0x00007ffdff840000 - 0x00007ffdff971000 	C:\windows\System32\gdi32full.dll
0x00007ffdff320000 - 0x00007ffdff3c3000 	C:\windows\System32\msvcp_win.dll
0x00007ffe01b00000 - 0x00007ffe01b2f000 	C:\windows\System32\IMM32.DLL
0x00007ffdb88b0000 - 0x00007ffdb894d000 	C:\Program Files\Android\Android Studio\jre\bin\msvcp140.dll
0x00007ffda8a40000 - 0x00007ffda950f000 	C:\Program Files\Android\Android Studio\jre\bin\server\jvm.dll
0x00007ffe01700000 - 0x00007ffe017b3000 	C:\windows\System32\ADVAPI32.dll
0x00007ffe00420000 - 0x00007ffe004c6000 	C:\windows\System32\sechost.dll
0x00007ffdffe40000 - 0x00007ffdfff56000 	C:\windows\System32\RPCRT4.dll
0x00007ffe00f60000 - 0x00007ffe00f68000 	C:\windows\System32\PSAPI.DLL
0x00007ffde7250000 - 0x00007ffde725a000 	C:\windows\SYSTEM32\WSOCK32.dll
0x00007ffdf2fb0000 - 0x00007ffdf2fe6000 	C:\windows\SYSTEM32\WINMM.dll
0x00007ffdf0650000 - 0x00007ffdf065b000 	C:\windows\SYSTEM32\VERSION.dll
0x00007ffdff980000 - 0x00007ffdff9f4000 	C:\windows\System32\WS2_32.dll
0x00007ffdfdb30000 - 0x00007ffdfdb4a000 	C:\windows\SYSTEM32\kernel.appcore.dll
0x00007ffdef100000 - 0x00007ffdef111000 	C:\Program Files\Android\Android Studio\jre\bin\verify.dll
0x00007ffdfc3f0000 - 0x00007ffdfc631000 	C:\windows\SYSTEM32\DBGHELP.DLL
0x00007ffe00ae0000 - 0x00007ffe00e63000 	C:\windows\System32\combase.dll
0x00007ffe00340000 - 0x00007ffe00416000 	C:\windows\System32\OLEAUT32.dll
0x00007ffde61e0000 - 0x00007ffde6219000 	C:\windows\SYSTEM32\dbgcore.DLL
0x00007ffdff3d0000 - 0x00007ffdff469000 	C:\windows\System32\bcryptPrimitives.dll
0x00007ffde2b80000 - 0x00007ffde2ba9000 	C:\Program Files\Android\Android Studio\jre\bin\java.dll
0x00007ffdf9420000 - 0x00007ffdf942b000 	C:\Program Files\Android\Android Studio\jre\bin\jimage.dll
0x00007ffde2ca0000 - 0x00007ffde2cb8000 	C:\Program Files\Android\Android Studio\jre\bin\zip.dll

dbghelp: loaded successfully - version: 4.0.5 - missing functions: none
symbol engine: initialized successfully - sym options: 0x614 - pdb path: .;C:\Program Files\Android\Android Studio\jre\bin;C:\windows\SYSTEM32;C:\windows\WinSxS\amd64_microsoft.windows.common-controls_6595b64144ccf1df_6.0.26100.3624_none_3e086962e3345f24;C:\Program Files\Android\Android Studio\jre\bin\server

VM Arguments:
java_command: org.jetbrains.git4idea.http.GitAskPassApp Username for 'https://github.com': 
java_class_path (initial): C:/Program Files/Android/Android Studio/plugins/git4idea/lib/git4idea-rt.jar;C:/Program Files/Android/Android Studio/lib/xmlrpc-2.0.1.jar;C:/Program Files/Android/Android Studio/lib/commons-codec-1.15.jar
Launcher Type: SUN_STANDARD

[Global flags]
     intx CICompilerCount                          = 4                                         {product} {ergonomic}
     uint ConcGCThreads                            = 2                                         {product} {ergonomic}
     uint G1ConcRefinementThreads                  = 8                                         {product} {ergonomic}
   size_t G1HeapRegionSize                         = 1048576                                   {product} {ergonomic}
    uintx GCDrainStackTargetSize                   = 64                                        {product} {ergonomic}
   size_t InitialHeapSize                          = 255852544                                 {product} {ergonomic}
   size_t MarkStackSize                            = 4194304                                   {product} {ergonomic}
   size_t MaxHeapSize                              = 4062183424                                {product} {ergonomic}
   size_t MinHeapDeltaBytes                        = 1048576                                   {product} {ergonomic}
    uintx NonNMethodCodeHeapSize                   = 5836300                                {pd product} {ergonomic}
    uintx NonProfiledCodeHeapSize                  = 122910970                              {pd product} {ergonomic}
    uintx ProfiledCodeHeapSize                     = 122910970                              {pd product} {ergonomic}
    uintx ReservedCodeCacheSize                    = 251658240                              {pd product} {ergonomic}
     bool SegmentedCodeCache                       = true                                      {product} {ergonomic}
     bool UseCompressedClassPointers               = true                                 {lp64_product} {ergonomic}
     bool UseCompressedOops                        = true                                 {lp64_product} {ergonomic}
     bool UseG1GC                                  = true                                      {product} {ergonomic}
     bool UseLargePagesIndividualAllocation        = false                                  {pd product} {ergonomic}

Logging:
Log output configuration:
 #0: stdout all=warning uptime,level,tags
 #1: stderr all=off uptime,level,tags

Environment Variables:
JAVA_HOME=C:\Program Files\Eclipse Adoptium\jdk-21.0.6.7-hotspot\
PATH=C:/Program Files/Git/mingw64/libexec/git-core;C:/Program Files/Git/mingw64/libexec/git-core;C:\Program Files\Git\mingw64\bin;C:\Program Files\Git\usr\bin;C:\Users\TheCong-QTM\bin;C:\Program Files\Eclipse Adoptium\jdk-21.0.6.7-hotspot\bin;C:\Program Files (x86)\VMware\VMware Workstation\bin\;C:\windows\system32;C:\windows;C:\windows\System32\Wbem;C:\windows\System32\WindowsPowerShell\v1.0\;C:\windows\System32\OpenSSH\;C:\Program Files\PuTTY\;C:\Program Files\dotnet\;C:\Program Files\Microsoft SQL Server\120\Tools\Binn\;C:\ProgramData\chocolatey\bin;C:\Program Files (x86)\Windows Kits\10\Windows Performance Toolkit\;C:\Program Files\Git\cmd;C:\Users\TheCong-QTM\AppData\Local\Microsoft\WindowsApps;C:\Program Files\Ekahau\Ekahau AI Pro\oda-lib;C:\Users\TheCong-QTM\AppData\Local\GitHubDesktop\bin
USERNAME=TheCong-QTM
DISPLAY=:0.0
LC_ALL=en_US.UTF-8
OS=Windows_NT
PROCESSOR_IDENTIFIER=AMD64 Family 25 Model 120 Stepping 0, AuthenticAMD



---------------  S Y S T E M  ---------------

OS: Windows 10 , 64 bit Build 26100 (10.0.26100.3624)
OS uptime: 0 days 5:24 hours
Hyper-V role detected

CPU:total 8 (initial active 8) (8 cores per cpu, 2 threads per core) family 25 model 120 stepping 0 microcode 0xa708007, cmov, cx8, fxsr, mmx, sse, sse2, sse3, ssse3, sse4.1, sse4.2, popcnt, avx, avx2, aes, clmul, erms, mmxext, 3dnowpref, lzcnt, sse4a, ht, tsc, tscinvbit, tscinv, bmi1,

Memory: 4k page, system-wide physical 15491M (1373M free)
TotalPageFile size 27491M (AvailPageFile size 222M)
current process WorkingSet (physical memory assigned to process): 12M, peak: 12M
current process commit charge ("private bytes"): 60M, peak: 304M

vm_info: OpenJDK 64-Bit Server VM (11.0.10+0-b96-7249189) for windows-amd64 JRE (11.0.10+0-b96-7249189), built on Mar 31 2021 21:44:00 by "builder" with MS VC++ 14.0 (VS2015)

END.
